<?xml version="1.0" encoding="UTF-8"?>
<!-- Generated by org.testng.reporters.JUnitReportReporter -->
<testsuite skipped="1" hostname="FIAZ" name="pages.CreateAccountPage" tests="2" failures="0" timestamp="28 Jan 2021 19:17:22 GMT" time="14.816" errors="1">
  <testcase name="feature" time="0.000" classname="pages.CreateAccountPage">
    <skipped/>
  </testcase> <!-- feature -->
  <testcase name="setUp" time="14.816" classname="pages.CreateAccountPage">
    <error type="org.openqa.selenium.SessionNotCreatedException" message="session not created
from chrome not reachable
  (Session info: chrome=87.0.4280.141)
Build info: version: &#039;3.141.59&#039;, revision: &#039;e82be7d358&#039;, time: &#039;2018-11-14T08:17:03&#039;
System info: host: &#039;FIAZ&#039;, ip: &#039;10.0.60.79&#039;, os.name: &#039;Windows 10&#039;, os.arch: &#039;amd64&#039;, os.version: &#039;10.0&#039;, java.version: &#039;1.8.0_141&#039;
Driver info: driver.version: ChromeDriver
remote stacktrace: Backtrace:
	Ordinal0 [0x011CC013+3194899]
	Ordinal0 [0x010B6021+2056225]
	Ordinal0 [0x00F4F4B0+586928]
	Ordinal0 [0x00F45894+546964]
	Ordinal0 [0x00F45F2C+548652]
	Ordinal0 [0x00F47175+553333]
	Ordinal0 [0x00F4241E+533534]
	Ordinal0 [0x00F50620+591392]
	Ordinal0 [0x00EF2A0C+207372]
	Ordinal0 [0x00EF1D0D+204045]
	Ordinal0 [0x00EEFC1B+195611]
	Ordinal0 [0x00ED3B7F+80767]
	Ordinal0 [0x00ED4B4E+84814]
	Ordinal0 [0x00ED4AD9+84697]
	Ordinal0 [0x010CCE64+2149988]
	GetHandleVerifier [0x0133BE95+1400773]
	GetHandleVerifier [0x0133BB61+1399953]
	GetHandleVerifier [0x013431FA+1430314]
	GetHandleVerifier [0x0133C69F+1402831]
	Ordinal0 [0x010C3D61+2112865]
	Ordinal0 [0x010CE5CB+2155979]
	Ordinal0 [0x010CE6F5+2156277]
	Ordinal0 [0x010DF26E+2224750]
	BaseThreadInitThunk [0x7698FA29+25]
	RtlGetAppContainerNamedObjectPath [0x778775F4+228]
	RtlGetAppContainerNamedObjectPath [0x778775C4+180]
">
      <![CDATA[org.openqa.selenium.SessionNotCreatedException: session not created
from chrome not reachable
  (Session info: chrome=87.0.4280.141)
Build info: version: '3.141.59', revision: 'e82be7d358', time: '2018-11-14T08:17:03'
System info: host: 'FIAZ', ip: '10.0.60.79', os.name: 'Windows 10', os.arch: 'amd64', os.version: '10.0', java.version: '1.8.0_141'
Driver info: driver.version: ChromeDriver
remote stacktrace: Backtrace:
Ordinal0 [0x011CC013+3194899]
Ordinal0 [0x010B6021+2056225]
Ordinal0 [0x00F4F4B0+586928]
Ordinal0 [0x00F45894+546964]
Ordinal0 [0x00F45F2C+548652]
Ordinal0 [0x00F47175+553333]
Ordinal0 [0x00F4241E+533534]
Ordinal0 [0x00F50620+591392]
Ordinal0 [0x00EF2A0C+207372]
Ordinal0 [0x00EF1D0D+204045]
Ordinal0 [0x00EEFC1B+195611]
Ordinal0 [0x00ED3B7F+80767]
Ordinal0 [0x00ED4B4E+84814]
Ordinal0 [0x00ED4AD9+84697]
Ordinal0 [0x010CCE64+2149988]
GetHandleVerifier [0x0133BE95+1400773]
GetHandleVerifier [0x0133BB61+1399953]
GetHandleVerifier [0x013431FA+1430314]
GetHandleVerifier [0x0133C69F+1402831]
Ordinal0 [0x010C3D61+2112865]
Ordinal0 [0x010CE5CB+2155979]
Ordinal0 [0x010CE6F5+2156277]
Ordinal0 [0x010DF26E+2224750]
BaseThreadInitThunk [0x7698FA29+25]
RtlGetAppContainerNamedObjectPath [0x778775F4+228]
RtlGetAppContainerNamedObjectPath [0x778775C4+180]

at sun.reflect.NativeConstructorAccessorImpl.newInstance0(Native Method)
at sun.reflect.NativeConstructorAccessorImpl.newInstance(NativeConstructorAccessorImpl.java:62)
at sun.reflect.DelegatingConstructorAccessorImpl.newInstance(DelegatingConstructorAccessorImpl.java:45)
at java.lang.reflect.Constructor.newInstance(Constructor.java:423)
at org.openqa.selenium.remote.W3CHandshakeResponse.lambda$errorHandler$0(W3CHandshakeResponse.java:62)
at org.openqa.selenium.remote.HandshakeResponse.lambda$getResponseFunction$0(HandshakeResponse.java:30)
at org.openqa.selenium.remote.ProtocolHandshake.lambda$createSession$0(ProtocolHandshake.java:126)
at java.util.stream.ReferencePipeline$3$1.accept(ReferencePipeline.java:193)
at java.util.Spliterators$ArraySpliterator.tryAdvance(Spliterators.java:958)
at java.util.stream.ReferencePipeline.forEachWithCancel(ReferencePipeline.java:126)
at java.util.stream.AbstractPipeline.copyIntoWithCancel(AbstractPipeline.java:498)
at java.util.stream.AbstractPipeline.copyInto(AbstractPipeline.java:485)
at java.util.stream.AbstractPipeline.wrapAndCopyInto(AbstractPipeline.java:471)
at java.util.stream.FindOps$FindOp.evaluateSequential(FindOps.java:152)
at java.util.stream.AbstractPipeline.evaluate(AbstractPipeline.java:234)
at java.util.stream.ReferencePipeline.findFirst(ReferencePipeline.java:464)
at org.openqa.selenium.remote.ProtocolHandshake.createSession(ProtocolHandshake.java:128)
at org.openqa.selenium.remote.ProtocolHandshake.createSession(ProtocolHandshake.java:74)
at org.openqa.selenium.remote.HttpCommandExecutor.execute(HttpCommandExecutor.java:136)
at org.openqa.selenium.remote.service.DriverCommandExecutor.execute(DriverCommandExecutor.java:83)
at org.openqa.selenium.remote.RemoteWebDriver.execute(RemoteWebDriver.java:552)
at org.openqa.selenium.remote.RemoteWebDriver.startSession(RemoteWebDriver.java:213)
at org.openqa.selenium.remote.RemoteWebDriver.<init>(RemoteWebDriver.java:131)
at org.openqa.selenium.chrome.ChromeDriver.<init>(ChromeDriver.java:181)
at org.openqa.selenium.chrome.ChromeDriver.<init>(ChromeDriver.java:168)
at org.openqa.selenium.chrome.ChromeDriver.<init>(ChromeDriver.java:157)
at runners.CucumberRunner.openBrowser(CucumberRunner.java:108)
at runners.CucumberRunner.setUp(CucumberRunner.java:214)
at sun.reflect.NativeMethodAccessorImpl.invoke0(Native Method)
at sun.reflect.NativeMethodAccessorImpl.invoke(NativeMethodAccessorImpl.java:62)
at sun.reflect.DelegatingMethodAccessorImpl.invoke(DelegatingMethodAccessorImpl.java:43)
at java.lang.reflect.Method.invoke(Method.java:498)
at org.testng.internal.MethodInvocationHelper.invokeMethod(MethodInvocationHelper.java:124)
at org.testng.internal.MethodInvocationHelper.invokeMethodConsideringTimeout(MethodInvocationHelper.java:59)
at org.testng.internal.Invoker.invokeConfigurationMethod(Invoker.java:458)
at org.testng.internal.Invoker.invokeConfigurations(Invoker.java:222)
at org.testng.internal.Invoker.invokeConfigurations(Invoker.java:142)
at org.testng.SuiteRunner.privateRun(SuiteRunner.java:401)
at org.testng.SuiteRunner.run(SuiteRunner.java:364)
at org.testng.SuiteRunnerWorker.runSuite(SuiteRunnerWorker.java:52)
at org.testng.SuiteRunnerWorker.run(SuiteRunnerWorker.java:84)
at org.testng.TestNG.runSuitesSequentially(TestNG.java:1208)
at org.testng.TestNG.runSuitesLocally(TestNG.java:1137)
at org.testng.TestNG.runSuites(TestNG.java:1049)
at org.testng.TestNG.run(TestNG.java:1017)
at org.testng.remote.AbstractRemoteTestNG.run(AbstractRemoteTestNG.java:115)
at org.testng.remote.RemoteTestNG.initAndRun(RemoteTestNG.java:251)
at org.testng.remote.RemoteTestNG.main(RemoteTestNG.java:77)
]]>
    </error>
  </testcase> <!-- setUp -->
</testsuite> <!-- pages.CreateAccountPage -->
